<?xml version="1.0" encoding="UTF-8"?>
<!-- Generated by org.testng.reporters.JUnitReportReporter -->
<testsuite hostname="ASHUTOSHs-MacBook-Pro.local" name="tests.CouponsPageTest" tests="1" failures="0" timestamp="19 Apr 2018 11:18:44 GMT" time="15.726" errors="0">
  <testcase name="testEnterCoupon" time="15.726" classname="tests.CouponsPageTest"/>
</testsuite>
